Using pre-set license
Built from '2022.3/staging' branch; Version is '2022.3.24f1 (334eb2a0b267) revision 3362482'; Using compiler version '192829333'; Build Type 'Release'
OS: 'Windows 11  (10.0.26200) 64bit Professional' Language: 'es' Physical Memory: 16251 MB
BatchMode: 1, IsHumanControllingUs: 0, StartBugReporterOnCrash: 0, Is64bit: 1, IsPro: 1

COMMAND LINE ARGUMENTS:
C:\Program Files\Unity\Hub\Editor\2022.3.24f1\Editor\Unity.exe
-adb2
-batchMode
-noUpm
-name
AssetImportWorker0
-projectPath
D:/github/trabajopracticoprogramacion/OnebtnBossesClone/OnebtnBossesClone
-logFile
Logs/AssetImportWorker0.log
-srvPort
56461
Successfully changed project path to: D:/github/trabajopracticoprogramacion/OnebtnBossesClone/OnebtnBossesClone
D:/github/trabajopracticoprogramacion/OnebtnBossesClone/OnebtnBossesClone
[UnityMemory] Configuration Parameters - Can be set up in boot.config
    "memorysetup-bucket-allocator-granularity=16"
    "memorysetup-bucket-allocator-bucket-count=8"
    "memorysetup-bucket-allocator-block-size=33554432"
    "memorysetup-bucket-allocator-block-count=8"
    "memorysetup-main-allocator-block-size=16777216"
    "memorysetup-thread-allocator-block-size=16777216"
    "memorysetup-gfx-main-allocator-block-size=16777216"
    "memorysetup-gfx-thread-allocator-block-size=16777216"
    "memorysetup-cache-allocator-block-size=4194304"
    "memorysetup-typetree-allocator-block-size=2097152"
    "memorysetup-profiler-bucket-allocator-granularity=16"
    "memorysetup-profiler-bucket-allocator-bucket-count=8"
    "memorysetup-profiler-bucket-allocator-block-size=33554432"
    "memorysetup-profiler-bucket-allocator-block-count=8"
    "memorysetup-profiler-allocator-block-size=16777216"
    "memorysetup-profiler-editor-allocator-block-size=1048576"
    "memorysetup-temp-allocator-size-main=16777216"
    "memorysetup-job-temp-allocator-block-size=2097152"
    "memorysetup-job-temp-allocator-block-size-background=1048576"
    "memorysetup-job-temp-allocator-reduction-small-platforms=262144"
    "memorysetup-allocator-temp-initial-block-size-main=262144"
    "memorysetup-allocator-temp-initial-block-size-worker=262144"
    "memorysetup-temp-allocator-size-background-worker=32768"
    "memorysetup-temp-allocator-size-job-worker=262144"
    "memorysetup-temp-allocator-size-preload-manager=33554432"
    "memorysetup-temp-allocator-size-nav-mesh-worker=65536"
    "memorysetup-temp-allocator-size-audio-worker=65536"
    "memorysetup-temp-allocator-size-cloud-worker=32768"
    "memorysetup-temp-allocator-size-gi-baking-worker=262144"
    "memorysetup-temp-allocator-size-gfx=262144"
Player connection [30984] Host "[IP] 192.168.100.29 [Port] 0 [Flags] 2 [Guid] 2757756089 [EditorId] 2757756089 [Version] 1048832 [Id] WindowsEditor(7,DESKTOP-FPDJKD9) [Debug] 1 [PackageName] WindowsEditor [ProjectName] Editor" joined multi-casting on [225.0.0.222:54997]...

Player connection [30984] Host "[IP] 192.168.100.29 [Port] 0 [Flags] 2 [Guid] 2757756089 [EditorId] 2757756089 [Version] 1048832 [Id] WindowsEditor(7,DESKTOP-FPDJKD9) [Debug] 1 [PackageName] WindowsEditor [ProjectName] Editor" joined alternative multi-casting on [225.0.0.222:34997]...

[Physics::Module] Initialized MultithreadedJobDispatcher with 11 workers.
Refreshing native plugins compatible for Editor in 20.40 ms, found 4 plugins.
Preloading 0 native plugins for Editor in 0.00 ms.
Initialize engine version: 2022.3.24f1 (334eb2a0b267)
[Subsystems] Discovering subsystems at path C:/Program Files/Unity/Hub/Editor/2022.3.24f1/Editor/Data/Resources/UnitySubsystems
[Subsystems] Discovering subsystems at path D:/github/trabajopracticoprogramacion/OnebtnBossesClone/OnebtnBossesClone/Assets
GfxDevice: creating device client; threaded=0; jobified=0
Direct3D:
    Version:  Direct3D 11.0 [level 11.1]
    Renderer: NVIDIA GeForce GTX 1660 Ti (ID=0x2182)
    Vendor:   NVIDIA
    VRAM:     5966 MB
    Driver:   32.0.15.9159
Initialize mono
Mono path[0] = 'C:/Program Files/Unity/Hub/Editor/2022.3.24f1/Editor/Data/Managed'
Mono path[1] = 'C:/Program Files/Unity/Hub/Editor/2022.3.24f1/Editor/Data/MonoBleedingEdge/lib/mono/unityjit-win32'
Mono config path = 'C:/Program Files/Unity/Hub/Editor/2022.3.24f1/Editor/Data/MonoBleedingEdge/etc'
Using monoOptions --debugger-agent=transport=dt_socket,embedding=1,server=y,suspend=n,address=127.0.0.1:56616
Begin MonoManager ReloadAssembly
Registering precompiled unity dll's ...
Register platform support module: C:/Program Files/Unity/Hub/Editor/2022.3.24f1/Editor/Data/PlaybackEngines/AndroidPlayer/UnityEditor.Android.Extensions.dll
Register platform support module: C:/Program Files/Unity/Hub/Editor/2022.3.24f1/Editor/Data/PlaybackEngines/WindowsStandaloneSupport/UnityEditor.WindowsStandalone.Extensions.dll
Registered in 0.010030 seconds.
- Loaded All Assemblies, in  0.377 seconds
Native extension for WindowsStandalone target not found
Native extension for Android target not found
Android Extension - Scanning For ADB Devices 254 ms
Mono: successfully reloaded assembly
- Finished resetting the current domain, in  0.604 seconds
Domain Reload Profiling: 979ms
	BeginReloadAssembly (106ms)
		ExecutionOrderSort (0ms)
		DisableScriptedObjects (0ms)
		BackupInstance (0ms)
		ReleaseScriptingObjects (0ms)
		CreateAndSetChildDomain (1ms)
	RebuildCommonClasses (36ms)
	RebuildNativeTypeToScriptingClass (14ms)
	initialDomainReloadingComplete (63ms)
	LoadAllAssembliesAndSetupDomain (155ms)
		LoadAssemblies (104ms)
		RebuildTransferFunctionScriptingTraits (0ms)
		AnalyzeDomain (152ms)
			TypeCache.Refresh (151ms)
				TypeCache.ScanAssembly (138ms)
			ScanForSourceGeneratedMonoScriptInfo (0ms)
			ResolveRequiredComponents (0ms)
	FinalizeReload (604ms)
		ReleaseScriptCaches (0ms)
		RebuildScriptCaches (0ms)
		SetupLoadedEditorAssemblies (546ms)
			LogAssemblyErrors (0ms)
			InitializePlatformSupportModulesInManaged (374ms)
			SetLoadedEditorAssemblies (4ms)
			RefreshPlugins (0ms)
			BeforeProcessingInitializeOnLoad (2ms)
			ProcessInitializeOnLoadAttributes (115ms)
			ProcessInitializeOnLoadMethodAttributes (50ms)
			AfterProcessingInitializeOnLoad (0ms)
			EditorAssembliesLoaded (0ms)
		ExecutionOrderSort2 (0ms)
		AwakeInstancesAfterBackupRestoration (0ms)
========================================================================
Worker process is ready to serve import requests
Begin MonoManager ReloadAssembly
- Loaded All Assemblies, in  0.868 seconds
Refreshing native plugins compatible for Editor in 5.23 ms, found 4 plugins.
Native extension for WindowsStandalone target not found
Native extension for Android target not found
Package Manager log level set to [2]
[Package Manager] Server::EnsureServerProcessIsRunning -- launch failed, reason: Unity was launched with the -noUpm command-line argument
[Package Manager] UpmClient::Send -- Unable to send message (not connected to UPM process).
[Package Manager] Cannot connect to Unity Package Manager local server
Mono: successfully reloaded assembly
- Finished resetting the current domain, in  0.745 seconds
Domain Reload Profiling: 1610ms
	BeginReloadAssembly (146ms)
		ExecutionOrderSort (0ms)
		DisableScriptedObjects (5ms)
		BackupInstance (0ms)
		ReleaseScriptingObjects (0ms)
		CreateAndSetChildDomain (21ms)
	RebuildCommonClasses (36ms)
	RebuildNativeTypeToScriptingClass (10ms)
	initialDomainReloadingComplete (45ms)
	LoadAllAssembliesAndSetupDomain (627ms)
		LoadAssemblies (494ms)
		RebuildTransferFunctionScriptingTraits (0ms)
		AnalyzeDomain (220ms)
			TypeCache.Refresh (191ms)
				TypeCache.ScanAssembly (164ms)
			ScanForSourceGeneratedMonoScriptInfo (21ms)
			ResolveRequiredComponents (6ms)
	FinalizeReload (745ms)
		ReleaseScriptCaches (0ms)
		RebuildScriptCaches (0ms)
		SetupLoadedEditorAssemblies (574ms)
			LogAssemblyErrors (0ms)
			InitializePlatformSupportModulesInManaged (28ms)
			SetLoadedEditorAssemblies (3ms)
			RefreshPlugins (0ms)
			BeforeProcessingInitializeOnLoad (72ms)
			ProcessInitializeOnLoadAttributes (426ms)
			ProcessInitializeOnLoadMethodAttributes (37ms)
			AfterProcessingInitializeOnLoad (8ms)
			EditorAssembliesLoaded (0ms)
		ExecutionOrderSort2 (0ms)
		AwakeInstancesAfterBackupRestoration (6ms)
Launched and connected shader compiler UnityShaderCompiler.exe after 0.06 seconds
Refreshing native plugins compatible for Editor in 6.79 ms, found 4 plugins.
Preloading 0 native plugins for Editor in 0.00 ms.
Unloading 4450 Unused Serialized files (Serialized files now loaded: 0)
Unloading 71 unused Assets / (62.8 KB). Loaded Objects now: 4917.
Memory consumption went from 160.9 MB to 160.8 MB.
Total: 4.106100 ms (FindLiveObjects: 0.366800 ms CreateObjectMapping: 0.121100 ms MarkObjects: 3.461700 ms  DeleteObjects: 0.155300 ms)

AssetImportParameters requested are different than current active one (requested -> active):
  custom:container-demuxer-ogg: 62fdf1f143b41e24485cea50d1cbac27 -> 
  custom:video-decoder-ogg-theora: a1e56fd34408186e4bbccfd4996cb3dc -> 
  custom:framework-win-MediaFoundation: 216162199b28c13a410421893ffa2e32 -> 
  custom:CustomObjectIndexerAttribute: 9a22284fe3817be447336de3de66b15e -> 
  custom:container-demuxer-webm: 4f35f7cbe854078d1ac9338744f61a02 -> 
  custom:scripting/monoscript/fileName/Tests.cs: 349ba69061392f7a1199dc0893ff0039 -> 
  custom:container-muxer-webm: aa71ff27fc2769a1b78a27578f13a17b -> 
  custom:video-decoder-webm-vp8: 9c59270c3fd7afecdb556c50c9e8de78 -> 
  custom:SearchIndexIgnoredProperties: e643bd26f0fe6173181afceb89e7c659 -> 
  custom:AudioImporter_EditorPlatform: d09bf68614088b80899f8185d706f6e7 -> 
  custom:video-encoder-webm-vp8: eb34c28f22e8b96e1ab97ce403110664 -> 
  custom:audio-decoder-ogg-vorbis: bf7c407c2cedff20999df2af8eb42d56 -> 
  custom:audio-encoder-webm-vorbis: bf7c407c2cedff20999df2af8eb42d56 -> 
========================================================================
Received Prepare
Assembly with name 'Tests' already exists (Assets/Editur/PlayMode/Tests/Tests.asmdef)
Assembly with name 'Tests' already exists (Assets/Editur/EditMode/Tests/Tests.asmdef)
Assembly with name 'Tests' already exists (Assets/Editur/PlayMode/Tests/Tests.asmdef)
Assembly with name 'Tests' already exists (Assets/Editur/EditMode/Tests/Tests.asmdef)
Begin MonoManager ReloadAssembly
- Loaded All Assemblies, in  0.503 seconds
Refreshing native plugins compatible for Editor in 5.18 ms, found 4 plugins.
Native extension for WindowsStandalone target not found
Native extension for Android target not found
Assembly with name 'Tests' already exists (Assets/Editur/PlayMode/Tests/Tests.asmdef)
Assembly with name 'Tests' already exists (Assets/Editur/EditMode/Tests/Tests.asmdef)
[Package Manager] Server::EnsureServerProcessIsRunning -- launch failed, reason: Unity was launched with the -noUpm command-line argument
[Package Manager] UpmClient::Send -- Unable to send message (not connected to UPM process).
[Package Manager] Cannot connect to Unity Package Manager local server
Mono: successfully reloaded assembly
- Finished resetting the current domain, in  1.254 seconds
Domain Reload Profiling: 1753ms
	BeginReloadAssembly (161ms)
		ExecutionOrderSort (0ms)
		DisableScriptedObjects (13ms)
		BackupInstance (0ms)
		ReleaseScriptingObjects (0ms)
		CreateAndSetChildDomain (39ms)
	RebuildCommonClasses (40ms)
	RebuildNativeTypeToScriptingClass (15ms)
	initialDomainReloadingComplete (32ms)
	LoadAllAssembliesAndSetupDomain (251ms)
		LoadAssemblies (314ms)
		RebuildTransferFunctionScriptingTraits (0ms)
		AnalyzeDomain (15ms)
			TypeCache.Refresh (7ms)
				TypeCache.ScanAssembly (0ms)
			ScanForSourceGeneratedMonoScriptInfo (0ms)
			ResolveRequiredComponents (7ms)
	FinalizeReload (1254ms)
		ReleaseScriptCaches (0ms)
		RebuildScriptCaches (0ms)
		SetupLoadedEditorAssemblies (514ms)
			LogAssemblyErrors (0ms)
			InitializePlatformSupportModulesInManaged (24ms)
			SetLoadedEditorAssemblies (4ms)
			RefreshPlugins (0ms)
			BeforeProcessingInitializeOnLoad (86ms)
			ProcessInitializeOnLoadAttributes (362ms)
			ProcessInitializeOnLoadMethodAttributes (28ms)
			AfterProcessingInitializeOnLoad (9ms)
			EditorAssembliesLoaded (0ms)
		ExecutionOrderSort2 (0ms)
		AwakeInstancesAfterBackupRestoration (11ms)
Refreshing native plugins compatible for Editor in 6.23 ms, found 4 plugins.
Preloading 0 native plugins for Editor in 0.00 ms.
Unloading 4425 Unused Serialized files (Serialized files now loaded: 0)
Unloading 37 unused Assets / (35.7 KB). Loaded Objects now: 4922.
Memory consumption went from 156.2 MB to 156.1 MB.
Total: 3.656600 ms (FindLiveObjects: 0.356600 ms CreateObjectMapping: 0.144000 ms MarkObjects: 3.086400 ms  DeleteObjects: 0.068500 ms)

Prepare: number of updated asset objects reloaded= 0
AssetImportParameters requested are different than current active one (requested -> active):
  custom:container-demuxer-ogg: 62fdf1f143b41e24485cea50d1cbac27 -> 
  custom:video-decoder-ogg-theora: a1e56fd34408186e4bbccfd4996cb3dc -> 
  custom:framework-win-MediaFoundation: 216162199b28c13a410421893ffa2e32 -> 
  custom:CustomObjectIndexerAttribute: 9a22284fe3817be447336de3de66b15e -> 
  custom:container-demuxer-webm: 4f35f7cbe854078d1ac9338744f61a02 -> 
  custom:scripting/monoscript/fileName/Tests.cs: 349ba69061392f7a1199dc0893ff0039 -> 
  custom:container-muxer-webm: aa71ff27fc2769a1b78a27578f13a17b -> 
  custom:video-decoder-webm-vp8: 9c59270c3fd7afecdb556c50c9e8de78 -> 
  custom:SearchIndexIgnoredProperties: e643bd26f0fe6173181afceb89e7c659 -> 
  custom:AudioImporter_EditorPlatform: d09bf68614088b80899f8185d706f6e7 -> 
  custom:video-encoder-webm-vp8: eb34c28f22e8b96e1ab97ce403110664 -> 
  custom:audio-decoder-ogg-vorbis: bf7c407c2cedff20999df2af8eb42d56 -> 
  custom:audio-encoder-webm-vorbis: bf7c407c2cedff20999df2af8eb42d56 -> 
========================================================================
Received Import Request.
  Time since last request: 147445.918353 seconds.
  path: Assets/Editur/PlayMode/Tests/Tests.asmdef
  artifactKey: Guid(7d252fe887963ab46aa4cbdf4f00eec8) Importer(815301076,1909f56bfc062723c751e8b465ee728b)
Start importing Assets/Editur/PlayMode/Tests/Tests.asmdef using Guid(7d252fe887963ab46aa4cbdf4f00eec8) Importer(815301076,1909f56bfc062723c751e8b465ee728b)  -> (artifact id: '965c90a3d18fd24259fc814ee1dc439d') in 0.002554 seconds
Number of updated asset objects reloaded before import = 0
Number of asset objects unloaded after import = 0
========================================================================
Received Import Request.
  Time since last request: 27.442339 seconds.
  path: Assets/Editur/EditMode/Tests/Tests.asmdef
  artifactKey: Guid(e1b92bebc351a4e468d356c5361a9ee7) Importer(815301076,1909f56bfc062723c751e8b465ee728b)
Start importing Assets/Editur/EditMode/Tests/Tests.asmdef using Guid(e1b92bebc351a4e468d356c5361a9ee7) Importer(815301076,1909f56bfc062723c751e8b465ee728b)  -> (artifact id: '819bc724bd12836509cea13508e6877a') in 0.000482 seconds
Number of updated asset objects reloaded before import = 0
Number of asset objects unloaded after import = 0
========================================================================
Received Import Request.
  Time since last request: 197.021800 seconds.
  path: Assets/Editur/NewAssembly.asmdef
  artifactKey: Guid(9aa2a5d89b6156e4d98ea257beb7279f) Importer(815301076,1909f56bfc062723c751e8b465ee728b)
Start importing Assets/Editur/NewAssembly.asmdef using Guid(9aa2a5d89b6156e4d98ea257beb7279f) Importer(815301076,1909f56bfc062723c751e8b465ee728b)  -> (artifact id: '2dfcaea16ede62024742ccdb0d854dd2') in 0.000538 seconds
Number of updated asset objects reloaded before import = 0
Number of asset objects unloaded after import = 0
========================================================================
Received Import Request.
  Time since last request: 11.397719 seconds.
  path: Assets/Editur
  artifactKey: Guid(125acf4fe761e9b4b9392b81ddf41b3c) Importer(815301076,1909f56bfc062723c751e8b465ee728b)
Start importing Assets/Editur using Guid(125acf4fe761e9b4b9392b81ddf41b3c) Importer(815301076,1909f56bfc062723c751e8b465ee728b)  -> (artifact id: '97e971fc0d608e6048703799ad78b786') in 0.000441 seconds
Number of updated asset objects reloaded before import = 0
Number of asset objects unloaded after import = 0
========================================================================
Received Import Request.
  Time since last request: 4.832041 seconds.
  path: Assets/Editur/Scripts.asmdef
  artifactKey: Guid(9aa2a5d89b6156e4d98ea257beb7279f) Importer(815301076,1909f56bfc062723c751e8b465ee728b)
Start importing Assets/Editur/Scripts.asmdef using Guid(9aa2a5d89b6156e4d98ea257beb7279f) Importer(815301076,1909f56bfc062723c751e8b465ee728b)  -> (artifact id: 'faaec4657c19d38fbcdd6a98d95843eb') in 0.000508 seconds
Number of updated asset objects reloaded before import = 0
Number of asset objects unloaded after import = 0
========================================================================
Received Import Request.
  Time since last request: 122.546097 seconds.
  path: Assets/Editur/Scripts.asmdef
  artifactKey: Guid(9aa2a5d89b6156e4d98ea257beb7279f) Importer(815301076,1909f56bfc062723c751e8b465ee728b)
Start importing Assets/Editur/Scripts.asmdef using Guid(9aa2a5d89b6156e4d98ea257beb7279f) Importer(815301076,1909f56bfc062723c751e8b465ee728b)  -> (artifact id: '50250029d43aa7b2bedafd2aeeca2c8d') in 0.000476 seconds
Number of updated asset objects reloaded before import = 0
Number of asset objects unloaded after import = 0
========================================================================
Received Import Request.
  Time since last request: 50.669933 seconds.
  path: Assets/Editur/Scripts.asmdef
  artifactKey: Guid(9aa2a5d89b6156e4d98ea257beb7279f) Importer(815301076,1909f56bfc062723c751e8b465ee728b)
Start importing Assets/Editur/Scripts.asmdef using Guid(9aa2a5d89b6156e4d98ea257beb7279f) Importer(815301076,1909f56bfc062723c751e8b465ee728b)  -> (artifact id: '1f786a03aab9ff3b75f6753b9e83f5e6') in 0.000432 seconds
Number of updated asset objects reloaded before import = 0
Number of asset objects unloaded after import = 0
========================================================================
Received Import Request.
  Time since last request: 60.664001 seconds.
  path: Assets/Editur/PlayMode/Tests.asmdef
  artifactKey: Guid(7d252fe887963ab46aa4cbdf4f00eec8) Importer(815301076,1909f56bfc062723c751e8b465ee728b)
Start importing Assets/Editur/PlayMode/Tests.asmdef using Guid(7d252fe887963ab46aa4cbdf4f00eec8) Importer(815301076,1909f56bfc062723c751e8b465ee728b)  -> (artifact id: '9232d48bd1d0df518465144d30db32d9') in 0.000501 seconds
Number of updated asset objects reloaded before import = 0
Number of asset objects unloaded after import = 0
========================================================================
Received Import Request.
  Time since last request: 6.060939 seconds.
  path: Assets/Editur/PlayMode
  artifactKey: Guid(bcb6f953a04c051458e06bb57be2b740) Importer(815301076,1909f56bfc062723c751e8b465ee728b)
Start importing Assets/Editur/PlayMode using Guid(bcb6f953a04c051458e06bb57be2b740) Importer(815301076,1909f56bfc062723c751e8b465ee728b)  -> (artifact id: 'cae9624e97a7247b0f8c9bcc7406bbcb') in 0.000448 seconds
Number of updated asset objects reloaded before import = 0
Number of asset objects unloaded after import = 0
========================================================================
Received Import Request.
  Time since last request: 19.483252 seconds.
  path: Assets/Editur/EditMode/Tests.asmdef
  artifactKey: Guid(e1b92bebc351a4e468d356c5361a9ee7) Importer(815301076,1909f56bfc062723c751e8b465ee728b)
Start importing Assets/Editur/EditMode/Tests.asmdef using Guid(e1b92bebc351a4e468d356c5361a9ee7) Importer(815301076,1909f56bfc062723c751e8b465ee728b)  -> (artifact id: 'b4a86110fc554bf5fbf1e6a0e0c1c394') in 0.000467 seconds
Number of updated asset objects reloaded before import = 0
Number of asset objects unloaded after import = 0
========================================================================
Received Import Request.
  Time since last request: 15.346388 seconds.
  path: Assets/Editur/EditMode
  artifactKey: Guid(05970bf56f2dc6b4899e3398df6e8c7a) Importer(815301076,1909f56bfc062723c751e8b465ee728b)
Start importing Assets/Editur/EditMode using Guid(05970bf56f2dc6b4899e3398df6e8c7a) Importer(815301076,1909f56bfc062723c751e8b465ee728b)  -> (artifact id: 'dbfbecca7bad8bc37dd7d21bc4443995') in 0.000433 seconds
Number of updated asset objects reloaded before import = 0
Number of asset objects unloaded after import = 0
========================================================================
Received Import Request.
  Time since last request: 9.285356 seconds.
  path: Assets/Editur/EditMode/NewBehaviourScript.cs
  artifactKey: Guid(00875b6412b019649a0bfc5b677549fb) Importer(815301076,1909f56bfc062723c751e8b465ee728b)
Start importing Assets/Editur/EditMode/NewBehaviourScript.cs using Guid(00875b6412b019649a0bfc5b677549fb) Importer(815301076,1909f56bfc062723c751e8b465ee728b)  -> (artifact id: 'db0f3c64d31fc84e6e2a59eddec99b46') in 0.000452 seconds
Number of updated asset objects reloaded before import = 0
Number of asset objects unloaded after import = 0
========================================================================
Received Import Request.
  Time since last request: 61.853465 seconds.
  path: Assets/Editur/EditMode/Tests.asmdef
  artifactKey: Guid(e1b92bebc351a4e468d356c5361a9ee7) Importer(815301076,1909f56bfc062723c751e8b465ee728b)
Start importing Assets/Editur/EditMode/Tests.asmdef using Guid(e1b92bebc351a4e468d356c5361a9ee7) Importer(815301076,1909f56bfc062723c751e8b465ee728b)  -> (artifact id: 'cd6c0519724d3bfb2da21e6659d1c3b0') in 0.000488 seconds
Number of updated asset objects reloaded before import = 0
Number of asset objects unloaded after import = 0
========================================================================
Received Import Request.
  Time since last request: 42.074010 seconds.
  path: Assets/Editur/PlayMode/NewTestScript.cs
  artifactKey: Guid(1300dfa40c896e34ebbe24a712a70bb8) Importer(815301076,1909f56bfc062723c751e8b465ee728b)
Start importing Assets/Editur/PlayMode/NewTestScript.cs using Guid(1300dfa40c896e34ebbe24a712a70bb8) Importer(815301076,1909f56bfc062723c751e8b465ee728b)  -> (artifact id: 'efb3e0b8daa424b9d20d304a841112e4') in 0.000523 seconds
Number of updated asset objects reloaded before import = 0
Number of asset objects unloaded after import = 0
========================================================================
Received Import Request.
  Time since last request: 95.922451 seconds.
  path: Assets/Editur/PlayMode/Tests.asmdef
  artifactKey: Guid(7d252fe887963ab46aa4cbdf4f00eec8) Importer(815301076,1909f56bfc062723c751e8b465ee728b)
Start importing Assets/Editur/PlayMode/Tests.asmdef using Guid(7d252fe887963ab46aa4cbdf4f00eec8) Importer(815301076,1909f56bfc062723c751e8b465ee728b)  -> (artifact id: '1d79d2073741960f43e1733c00419afd') in 0.000557 seconds
Number of updated asset objects reloaded before import = 0
Number of asset objects unloaded after import = 0
========================================================================
Received Import Request.
  Time since last request: 32.603082 seconds.
  path: Assets/Editur/EditMode/Tests.asmdef
  artifactKey: Guid(e1b92bebc351a4e468d356c5361a9ee7) Importer(815301076,1909f56bfc062723c751e8b465ee728b)
Start importing Assets/Editur/EditMode/Tests.asmdef using Guid(e1b92bebc351a4e468d356c5361a9ee7) Importer(815301076,1909f56bfc062723c751e8b465ee728b)  -> (artifact id: 'c1529a3d17157b78092764b6368de664') in 0.000441 seconds
Number of updated asset objects reloaded before import = 0
Number of asset objects unloaded after import = 0
